c:\users\otd14-gna\documents\visual studio 2015\projects\ini_info_msvc\ini_info_msvc\debug\moc_mainwindow.obj
c:\users\otd14-gna\documents\visual studio 2015\projects\ini_info_msvc\ini_info_msvc\debug\main.obj
c:\users\otd14-gna\documents\visual studio 2015\projects\ini_info_msvc\ini_info_msvc\debug\ini_file.obj
c:\users\otd14-gna\documents\visual studio 2015\projects\ini_info_msvc\ini_info_msvc\debug\vc140.pdb
c:\users\otd14-gna\documents\visual studio 2015\projects\ini_info_msvc\ini_info_msvc\debug\qrc_res.obj
c:\users\otd14-gna\documents\visual studio 2015\projects\ini_info_msvc\ini_info_msvc\debug\mainwindow.obj
c:\users\otd14-gna\documents\visual studio 2015\projects\ini_info_msvc\ini_info_msvc\generatedfiles\qrc_res.cpp
c:\users\otd14-gna\documents\visual studio 2015\projects\ini_info_msvc\ini_info_msvc\generatedfiles\debug\moc_mainwindow.cpp
c:\users\otd14-gna\documents\visual studio 2015\projects\ini_info_msvc\ini_info_msvc\generatedfiles\ui_mainwindow.h
c:\users\otd14-gna\documents\visual studio 2015\projects\ini_info_msvc\win32\debug\ini_info_msvc.ilk
c:\users\otd14-gna\documents\visual studio 2015\projects\ini_info_msvc\win32\debug\ini_info_msvc.exe
c:\users\otd14-gna\documents\visual studio 2015\projects\ini_info_msvc\win32\debug\ini_info_msvc.pdb
c:\users\otd14-gna\documents\visual studio 2015\projects\ini_info_msvc\ini_info_msvc\debug\ini_info_msvc.tlog\cl.command.1.tlog
c:\users\otd14-gna\documents\visual studio 2015\projects\ini_info_msvc\ini_info_msvc\debug\ini_info_msvc.tlog\cl.read.1.tlog
c:\users\otd14-gna\documents\visual studio 2015\projects\ini_info_msvc\ini_info_msvc\debug\ini_info_msvc.tlog\cl.write.1.tlog
c:\users\otd14-gna\documents\visual studio 2015\projects\ini_info_msvc\ini_info_msvc\debug\ini_info_msvc.tlog\custombuild.command.1.tlog
c:\users\otd14-gna\documents\visual studio 2015\projects\ini_info_msvc\ini_info_msvc\debug\ini_info_msvc.tlog\custombuild.read.1.tlog
c:\users\otd14-gna\documents\visual studio 2015\projects\ini_info_msvc\ini_info_msvc\debug\ini_info_msvc.tlog\custombuild.write.1.tlog
c:\users\otd14-gna\documents\visual studio 2015\projects\ini_info_msvc\ini_info_msvc\debug\ini_info_msvc.tlog\link.command.1.tlog
c:\users\otd14-gna\documents\visual studio 2015\projects\ini_info_msvc\ini_info_msvc\debug\ini_info_msvc.tlog\link.read.1.tlog
c:\users\otd14-gna\documents\visual studio 2015\projects\ini_info_msvc\ini_info_msvc\debug\ini_info_msvc.tlog\link.write.1.tlog
